2024-11-09 07:30:46,122 - INFO - Starting TikTok Ads login automation
2024-11-09 07:30:46,122 - ERROR - Error reading accounts file: [Errno 2] No such file or directory: 'accounts.txt'
2024-11-09 07:30:46,123 - ERROR - No accounts found in accounts.txt
2024-11-09 07:30:46,123 - INFO - Starting TikTok Ads login automation
2024-11-09 07:30:46,123 - ERROR - Error reading accounts file: [Errno 2] No such file or directory: 'accounts.txt'
2024-11-09 07:30:46,123 - ERROR - No accounts found in accounts.txt
2024-11-09 07:30:52,979 - INFO - Starting TikTok Ads login automation
2024-11-09 07:30:52,979 - ERROR - Error reading accounts file: [Errno 2] No such file or directory: 'accounts.txt'
2024-11-09 07:30:52,980 - ERROR - No accounts found in accounts.txt
2024-11-09 07:34:01,678 - INFO - Starting TikTok Ads login automation
2024-11-09 07:34:01,679 - INFO - Processing account: test.user@outlook.com
2024-11-09 07:34:01,692 - ERROR - Error creating AdsPower profile: HTTPConnectionPool(host='local.adspower.net', port=50325): Max retries exceeded with url: /api/v1/profile/create (Caused by NewConnectionError('<urllib3.connection.HTTPConnection object at 0x7ff374bcd610>: Failed to establish a new connection: [Errno 111] Connection refused'))
2024-11-09 07:34:06,737 - ERROR - Error creating AdsPower profile: HTTPConnectionPool(host='local.adspower.net', port=50325): Max retries exceeded with url: /api/v1/profile/create (Caused by NewConnectionError('<urllib3.connection.HTTPConnection object at 0x7ff374bcd710>: Failed to establish a new connection: [Errno 111] Connection refused'))
2024-11-09 07:34:16,769 - ERROR - Error creating AdsPower profile: HTTPConnectionPool(host='local.adspower.net', port=50325): Max retries exceeded with url: /api/v1/profile/create (Caused by NewConnectionError('<urllib3.connection.HTTPConnection object at 0x7ff374bcfc50>: Failed to establish a new connection: [Errno 111] Connection refused'))
2024-11-09 07:34:16,769 - ERROR - Failed to create AdsPower profile
2024-11-09 07:34:21,769 - INFO - Automation completed
2024-11-09 07:34:49,247 - INFO - Starting TikTok Ads login automation
2024-11-09 07:34:49,247 - INFO - Processing account: test.user@outlook.com
2024-11-09 07:34:49,253 - ERROR - Error creating AdsPower profile: HTTPConnectionPool(host='local.adspower.net', port=50325): Max retries exceeded with url: /api/v1/profile/create (Caused by NewConnectionError('<urllib3.connection.HTTPConnection object at 0x7f80062a95d0>: Failed to establish a new connection: [Errno 111] Connection refused'))
2024-11-09 07:34:54,256 - ERROR - Error creating AdsPower profile: HTTPConnectionPool(host='local.adspower.net', port=50325): Max retries exceeded with url: /api/v1/profile/create (Caused by NewConnectionError('<urllib3.connection.HTTPConnection object at 0x7f80062a9690>: Failed to establish a new connection: [Errno 111] Connection refused'))
2024-11-09 07:35:04,285 - ERROR - Error creating AdsPower profile: HTTPConnectionPool(host='local.adspower.net', port=50325): Max retries exceeded with url: /api/v1/profile/create (Caused by NewConnectionError('<urllib3.connection.HTTPConnection object at 0x7f80062abc50>: Failed to establish a new connection: [Errno 111] Connection refused'))
2024-11-09 07:35:04,285 - ERROR - Failed to create AdsPower profile
2024-11-09 07:35:09,285 - INFO - Automation completed
2024-11-09 07:35:37,889 - INFO - Starting TikTok Ads login automation
2024-11-09 07:35:37,896 - ERROR - AdsPower API request failed (attempt 1/3): HTTPConnectionPool(host='local.adspower.net', port=50325): Max retries exceeded with url: /status (Caused by NewConnectionError('<urllib3.connection.HTTPConnection object at 0x7f78106c5110>: Failed to establish a new connection: [Errno 111] Connection refused'))
2024-11-09 07:35:42,900 - ERROR - AdsPower API request failed (attempt 2/3): HTTPConnectionPool(host='local.adspower.net', port=50325): Max retries exceeded with url: /status (Caused by NewConnectionError('<urllib3.connection.HTTPConnection object at 0x7f78106c55d0>: Failed to establish a new connection: [Errno 111] Connection refused'))
2024-11-09 07:35:52,904 - ERROR - AdsPower API request failed (attempt 3/3): HTTPConnectionPool(host='local.adspower.net', port=50325): Max retries exceeded with url: /status (Caused by NewConnectionError('<urllib3.connection.HTTPConnection object at 0x7f78106c74d0>: Failed to establish a new connection: [Errno 111] Connection refused'))
2024-11-09 07:35:52,905 - ERROR - AdsPower is not running or not accessible. Please start AdsPower and try again.
2024-11-09 08:43:17,543 - INFO - [utils.py:21] - Logging system initialized
2024-11-09 08:43:17,544 - DEBUG - [utils.py:22] - Log level set to: DEBUG
2024-11-09 08:43:17,544 - DEBUG - [utils.py:23] - Log file: tiktok_login.log
2024-11-09 08:43:17,544 - INFO - [main.py:90] - Starting TikTok Ads login automation
2024-11-09 08:43:17,544 - INFO - [ads_power.py:99] - Checking AdsPower connection status...
2024-11-09 08:43:17,574 - ERROR - [ads_power.py:103] - AdsPower port check failed - service might not be running
2024-11-09 08:43:17,575 - ERROR - [main.py:97] - AdsPower is not running or not accessible. Please start AdsPower and try again.
2024-11-09 08:43:21,984 - INFO - [utils.py:21] - Logging system initialized
2024-11-09 08:43:21,987 - DEBUG - [utils.py:22] - Log level set to: DEBUG
2024-11-09 08:43:21,987 - DEBUG - [utils.py:23] - Log file: tiktok_login.log
2024-11-09 08:43:21,988 - INFO - [main.py:90] - Starting TikTok Ads login automation
2024-11-09 08:43:21,988 - INFO - [ads_power.py:99] - Checking AdsPower connection status...
2024-11-09 08:43:21,990 - ERROR - [ads_power.py:103] - AdsPower port check failed - service might not be running
2024-11-09 08:43:21,990 - ERROR - [main.py:97] - AdsPower is not running or not accessible. Please start AdsPower and try again.
2024-11-09 09:05:21,116 - INFO - [utils.py:21] - Logging system initialized
2024-11-09 09:05:21,117 - DEBUG - [utils.py:22] - Log level set to: DEBUG
2024-11-09 09:05:21,117 - DEBUG - [utils.py:23] - Log file: tiktok_login.log
2024-11-09 09:05:21,117 - INFO - [main.py:90] - Starting TikTok Ads login automation
2024-11-09 09:05:21,117 - INFO - [ads_power.py:99] - Checking AdsPower connection status...
2024-11-09 09:05:21,132 - ERROR - [ads_power.py:103] - AdsPower port check failed - service might not be running
2024-11-09 09:05:21,133 - ERROR - [main.py:97] - AdsPower is not running or not accessible. Please start AdsPower and try again.
2024-11-09 09:06:10,460 - INFO - [utils.py:21] - Logging system initialized
2024-11-09 09:06:10,463 - DEBUG - [utils.py:22] - Log level set to: DEBUG
2024-11-09 09:06:10,464 - DEBUG - [utils.py:23] - Log file: tiktok_login.log
2024-11-09 09:06:10,465 - INFO - [main.py:90] - Starting TikTok Ads login automation
2024-11-09 09:06:10,466 - INFO - [ads_power.py:103] - Checking AdsPower connection status...
2024-11-09 09:06:10,497 - ERROR - [ads_power.py:107] - AdsPower port check failed - service might not be running
2024-11-09 09:06:10,498 - ERROR - [main.py:97] - AdsPower is not running or not accessible. Please start AdsPower and try again.
2024-11-09 09:33:02,129 - INFO - [utils.py:21] - Logging system initialized
2024-11-09 09:33:02,130 - DEBUG - [utils.py:22] - Log level set to: DEBUG
2024-11-09 09:33:02,130 - DEBUG - [utils.py:23] - Log file: tiktok_login.log
2024-11-09 09:33:02,130 - INFO - [main.py:90] - Starting TikTok Ads login automation
2024-11-09 09:33:02,131 - INFO - [ads_power.py:103] - Checking AdsPower connection status...
2024-11-09 09:33:02,133 - ERROR - [ads_power.py:107] - AdsPower port check failed - service might not be running
2024-11-09 09:33:02,134 - ERROR - [main.py:97] - AdsPower is not running or not accessible. Please start AdsPower and try again.
2024-11-09 09:39:53,711 - INFO - [utils.py:21] - Logging system initialized
2024-11-09 09:39:53,711 - DEBUG - [utils.py:22] - Log level set to: DEBUG
2024-11-09 09:39:53,711 - DEBUG - [utils.py:23] - Log file: tiktok_login.log
2024-11-09 09:39:53,711 - INFO - [main.py:90] - Starting TikTok Ads login automation
2024-11-09 09:39:53,712 - INFO - [ads_power.py:103] - Checking AdsPower connection status...
2024-11-09 09:39:53,727 - ERROR - [ads_power.py:107] - AdsPower port check failed - service might not be running
2024-11-09 09:39:53,727 - ERROR - [main.py:97] - AdsPower is not running or not accessible. Please start AdsPower and try again.
2024-11-09 09:40:06,394 - INFO - [utils.py:21] - Logging system initialized
2024-11-09 09:40:06,394 - DEBUG - [utils.py:22] - Log level set to: DEBUG
2024-11-09 09:40:06,394 - DEBUG - [utils.py:23] - Log file: tiktok_login.log
2024-11-09 09:40:06,394 - INFO - [main.py:90] - Starting TikTok Ads login automation
2024-11-09 09:40:06,394 - INFO - [ads_power.py:103] - Checking AdsPower connection status...
2024-11-09 09:40:06,399 - ERROR - [ads_power.py:107] - AdsPower port check failed - service might not be running
2024-11-09 09:40:06,399 - ERROR - [main.py:97] - AdsPower is not running or not accessible. Please start AdsPower and try again.
2024-11-09 09:46:02,083 - INFO - [utils.py:21] - Logging system initialized
2024-11-09 09:46:02,088 - DEBUG - [utils.py:22] - Log level set to: DEBUG
2024-11-09 09:46:02,088 - DEBUG - [utils.py:23] - Log file: tiktok_login.log
2024-11-09 09:46:02,088 - INFO - [main.py:90] - Starting TikTok Ads login automation
2024-11-09 09:46:02,088 - INFO - [ads_power.py:104] - Checking AdsPower connection status...
2024-11-09 09:46:02,103 - ERROR - [ads_power.py:108] - AdsPower port check failed - service might not be running
2024-11-09 09:46:02,104 - ERROR - [main.py:97] - AdsPower is not running or not accessible. Please start AdsPower and try again.
